{
  "RSpec": {
    "coverage": {
      "/home/amura/amurabuzz/app/controllers/admin/activities_controller.rb": [
        1,
        null
      ],
      "/home/amura/amurabuzz/app/controllers/admin/relationships_controller.rb": [
        1,
        null
      ],
      "/home/amura/amurabuzz/app/controllers/admin/rs_evaluations_controller.rb": [
        1,
        null
      ],
      "/home/amura/amurabuzz/app/controllers/admin/tweets_controller.rb": [
        1,
        null
      ],
      "/home/amura/amurabuzz/app/controllers/admin/users_controller.rb": [
        1,
        null
      ],
      "/home/amura/amurabuzz/app/controllers/tweets_controller.rb": [
        1,
        1,
        null,
        1,
        1,
        null,
        1,
        null,
        null,
        1,
        1,
        null,
        null,
        1,
        null,
        null,
        1,
        2,
        2,
        2,
        2,
        null,
        4,
        2,
        null,
        0,
        0,
        null,
        null,
        null,
        null,
        1,
        1,
        1,
        1,
        2,
        null,
        0,
        null,
        null,
        null,
        null,
        1,
        1,
        1,
        0,
        null,
        null,
        1,
        0,
        null,
        1,
        null,
        1,
        null,
        0,
        null,
        1,
        null,
        null,
        1,
        3,
        3,
        3,
        3,
        2,
        2,
        null,
        1,
        null,
        null,
        3,
        3,
        3,
        null,
        null,
        null,
        1,
        2,
        3,
        null,
        null,
        1,
        0,
        null,
        0,
        0,
        0,
        0,
        null,
        0,
        null,
        0,
        0,
        null,
        null,
        1,
        0,
        null,
        0,
        0,
        0,
        0,
        null,
        0,
        0,
        null,
        null,
        1,
        1,
        9,
        null,
        null,
        1,
        3,
        null,
        null
      ],
      "/home/amura/amurabuzz/app/controllers/application_controller.rb": [
        1,
        null,
        null,
        null,
        1,
        null,
        1,
        1,
        59,
        null,
        null,
        1,
        59,
        59,
        null,
        null,
        1,
        43,
        0,
        null,
        null,
        null,
        null
      ],
      "/home/amura/amurabuzz/app/controllers/users_controller.rb": [
        1,
        null,
        1,
        1,
        null,
        1,
        1,
        null,
        null,
        1,
        null,
        17,
        null,
        17,
        34,
        17,
        null,
        null,
        null,
        1,
        null,
        null,
        1,
        0,
        0,
        null,
        null,
        1,
        0,
        0,
        null,
        null,
        1,
        0,
        0,
        0,
        0,
        null,
        0,
        0,
        null,
        null,
        null,
        null,
        1,
        0,
        0,
        0,
        0,
        null,
        0,
        0,
        null,
        null,
        null,
        null,
        1,
        6,
        6,
        null,
        null,
        1,
        null,
        1,
        0,
        null,
        null,
        1,
        19,
        19,
        null,
        0,
        null,
        null,
        null,
        null
      ],
      "/home/amura/amurabuzz/app/mailers/follow_mailer.rb": [
        1,
        null,
        1,
        1,
        4,
        4,
        null,
        null
      ],
      "/home/amura/amurabuzz/app/models/relationship.rb": [
        1,
        null,
        1,
        null,
        1,
        1,
        null
      ],
      "/home/amura/amurabuzz/app/models/tweet.rb": [
        1,
        null,
        1,
        null,
        null,
        1,
        1,
        1,
        1,
        211,
        null
      ],
      "/home/amura/amurabuzz/app/models/rs_evaluation.rb": [
        1,
        1,
        null
      ],
      "/home/amura/amurabuzz/app/controllers/users/registrations_controller.rb": [
        1,
        1,
        0,
        0,
        null,
        0,
        null,
        null,
        1,
        0,
        null,
        null,
        null,
        1,
        0,
        null,
        null,
        1,
        null,
        1,
        5,
        null,
        null,
        1,
        0,
        null,
        null
      ],
      "/home/amura/amurabuzz/app/controllers/users/sessions_controller.rb": [
        1,
        1,
        2,
        0,
        0,
        0,
        null,
        2,
        null,
        null,
        null,
        null,
        null
      ],
      "/home/amura/amurabuzz/app/models/activity.rb": [
        1,
        null
      ]
    },
    "timestamp": 1431068120
  }
}
